<?xml version="1.0" encoding="UTF-8"?>
<!-- Generated by org.testng.reporters.JUnitReportReporter -->
<testsuite hostname="DESKTOP-ABKUF2K" failures="0" tests="2" name="automation.verizon_jenkins.MobileTest" time="0.005" errors="0" timestamp="2023-07-26T12:22:53 IST" skipped="0">
  <testcase classname="automation.verizon_jenkins.MobileTest" name="logout" time="0.000"/>
  <testcase classname="automation.verizon_jenkins.MobileTest" name="login" time="0.005"/>
</testsuite> <!-- automation.verizon_jenkins.MobileTest -->
